C:\USERS\Дмитрий\DOCUMENTS\VISUAL STUDIO 2012\PROJECTS\MYMATHSCRIPT1\MYMATHSCRIPT1\DEBUG\MAINMYMATHSCRIPT1.OBJ
C:\USERS\Дмитрий\DOCUMENTS\VISUAL STUDIO 2012\PROJECTS\MYMATHSCRIPT1\MYMATHSCRIPT1\DEBUG\MYMATHSCRIPT1.OBJ
C:\USERS\ДМИТРИЙ\DOCUMENTS\VISUAL STUDIO 2012\PROJECTS\MYMATHSCRIPT1\MYMATHSCRIPT1\DEBUG\VC110.PDB
C:\Users\Дмитрий\Documents\Visual Studio 2012\Projects\MyMathScript1\MyMathScript1\Debug\MainMyMathScript1.obj
C:\Users\Дмитрий\Documents\Visual Studio 2012\Projects\MyMathScript1\MyMathScript1\Debug\MyMathScript1.obj
C:\Users\Дмитрий\Documents\Visual Studio 2012\Projects\MyMathScript1\MyMathScript1\Debug\cl.command.1.tlog
C:\Users\Дмитрий\Documents\Visual Studio 2012\Projects\MyMathScript1\MyMathScript1\Debug\CL.read.1.tlog
C:\Users\Дмитрий\Documents\Visual Studio 2012\Projects\MyMathScript1\MyMathScript1\Debug\CL.write.1.tlog
C:\Users\Дмитрий\Documents\Visual Studio 2012\Projects\MyMathScript1\MyMathScript1\Debug\link-cvtres.read.1.tlog
C:\Users\Дмитрий\Documents\Visual Studio 2012\Projects\MyMathScript1\MyMathScript1\Debug\link-cvtres.write.1.tlog
C:\Users\Дмитрий\Documents\Visual Studio 2012\Projects\MyMathScript1\MyMathScript1\Debug\link-rc.read.1.tlog
C:\Users\Дмитрий\Documents\Visual Studio 2012\Projects\MyMathScript1\MyMathScript1\Debug\link-rc.write.1.tlog
C:\Users\Дмитрий\Documents\Visual Studio 2012\Projects\MyMathScript1\MyMathScript1\Debug\link.10216-cvtres.read.1.tlog
C:\Users\Дмитрий\Documents\Visual Studio 2012\Projects\MyMathScript1\MyMathScript1\Debug\link.10216-cvtres.write.1.tlog
C:\Users\Дмитрий\Documents\Visual Studio 2012\Projects\MyMathScript1\MyMathScript1\Debug\link.10216-rc.read.1.tlog
C:\Users\Дмитрий\Documents\Visual Studio 2012\Projects\MyMathScript1\MyMathScript1\Debug\link.10216-rc.write.1.tlog
C:\Users\Дмитрий\Documents\Visual Studio 2012\Projects\MyMathScript1\MyMathScript1\Debug\link.10216.read.1.tlog
C:\Users\Дмитрий\Documents\Visual Studio 2012\Projects\MyMathScript1\MyMathScript1\Debug\link.10216.write.1.tlog
C:\Users\Дмитрий\Documents\Visual Studio 2012\Projects\MyMathScript1\MyMathScript1\Debug\link.10288-cvtres.read.1.tlog
C:\Users\Дмитрий\Documents\Visual Studio 2012\Projects\MyMathScript1\MyMathScript1\Debug\link.10288-cvtres.write.1.tlog
C:\Users\Дмитрий\Documents\Visual Studio 2012\Projects\MyMathScript1\MyMathScript1\Debug\link.10288-rc.read.1.tlog
C:\Users\Дмитрий\Documents\Visual Studio 2012\Projects\MyMathScript1\MyMathScript1\Debug\link.10288-rc.write.1.tlog
C:\Users\Дмитрий\Documents\Visual Studio 2012\Projects\MyMathScript1\MyMathScript1\Debug\link.10288.read.1.tlog
C:\Users\Дмитрий\Documents\Visual Studio 2012\Projects\MyMathScript1\MyMathScript1\Debug\link.10288.write.1.tlog
C:\Users\Дмитрий\Documents\Visual Studio 2012\Projects\MyMathScript1\MyMathScript1\Debug\link.11044-cvtres.read.1.tlog
C:\Users\Дмитрий\Documents\Visual Studio 2012\Projects\MyMathScript1\MyMathScript1\Debug\link.11044-cvtres.write.1.tlog
C:\Users\Дмитрий\Documents\Visual Studio 2012\Projects\MyMathScript1\MyMathScript1\Debug\link.11044-rc.read.1.tlog
C:\Users\Дмитрий\Documents\Visual Studio 2012\Projects\MyMathScript1\MyMathScript1\Debug\link.11044-rc.write.1.tlog
C:\Users\Дмитрий\Documents\Visual Studio 2012\Projects\MyMathScript1\MyMathScript1\Debug\link.11044.read.1.tlog
C:\Users\Дмитрий\Documents\Visual Studio 2012\Projects\MyMathScript1\MyMathScript1\Debug\link.11044.write.1.tlog
C:\Users\Дмитрий\Documents\Visual Studio 2012\Projects\MyMathScript1\MyMathScript1\Debug\link.11048-cvtres.read.1.tlog
C:\Users\Дмитрий\Documents\Visual Studio 2012\Projects\MyMathScript1\MyMathScript1\Debug\link.11048-cvtres.write.1.tlog
C:\Users\Дмитрий\Documents\Visual Studio 2012\Projects\MyMathScript1\MyMathScript1\Debug\link.11048-rc.read.1.tlog
C:\Users\Дмитрий\Documents\Visual Studio 2012\Projects\MyMathScript1\MyMathScript1\Debug\link.11048-rc.write.1.tlog
C:\Users\Дмитрий\Documents\Visual Studio 2012\Projects\MyMathScript1\MyMathScript1\Debug\link.11048.read.1.tlog
C:\Users\Дмитрий\Documents\Visual Studio 2012\Projects\MyMathScript1\MyMathScript1\Debug\link.11048.write.1.tlog
C:\Users\Дмитрий\Documents\Visual Studio 2012\Projects\MyMathScript1\MyMathScript1\Debug\link.11120-cvtres.read.1.tlog
C:\Users\Дмитрий\Documents\Visual Studio 2012\Projects\MyMathScript1\MyMathScript1\Debug\link.11120-cvtres.write.1.tlog
C:\Users\Дмитрий\Documents\Visual Studio 2012\Projects\MyMathScript1\MyMathScript1\Debug\link.11120-rc.read.1.tlog
C:\Users\Дмитрий\Documents\Visual Studio 2012\Projects\MyMathScript1\MyMathScript1\Debug\link.11120-rc.write.1.tlog
C:\Users\Дмитрий\Documents\Visual Studio 2012\Projects\MyMathScript1\MyMathScript1\Debug\link.11120.read.1.tlog
C:\Users\Дмитрий\Documents\Visual Studio 2012\Projects\MyMathScript1\MyMathScript1\Debug\link.11120.write.1.tlog
C:\Users\Дмитрий\Documents\Visual Studio 2012\Projects\MyMathScript1\MyMathScript1\Debug\link.11156-cvtres.read.1.tlog
C:\Users\Дмитрий\Documents\Visual Studio 2012\Projects\MyMathScript1\MyMathScript1\Debug\link.11156-cvtres.write.1.tlog
C:\Users\Дмитрий\Documents\Visual Studio 2012\Projects\MyMathScript1\MyMathScript1\Debug\link.11156-rc.read.1.tlog
C:\Users\Дмитрий\Documents\Visual Studio 2012\Projects\MyMathScript1\MyMathScript1\Debug\link.11156-rc.write.1.tlog
C:\Users\Дмитрий\Documents\Visual Studio 2012\Projects\MyMathScript1\MyMathScript1\Debug\link.11156.read.1.tlog
C:\Users\Дмитрий\Documents\Visual Studio 2012\Projects\MyMathScript1\MyMathScript1\Debug\link.11156.write.1.tlog
C:\Users\Дмитрий\Documents\Visual Studio 2012\Projects\MyMathScript1\MyMathScript1\Debug\link.1828-cvtres.read.1.tlog
C:\Users\Дмитрий\Documents\Visual Studio 2012\Projects\MyMathScript1\MyMathScript1\Debug\link.1828-cvtres.write.1.tlog
C:\Users\Дмитрий\Documents\Visual Studio 2012\Projects\MyMathScript1\MyMathScript1\Debug\link.1828-rc.read.1.tlog
C:\Users\Дмитрий\Documents\Visual Studio 2012\Projects\MyMathScript1\MyMathScript1\Debug\link.1828-rc.write.1.tlog
C:\Users\Дмитрий\Documents\Visual Studio 2012\Projects\MyMathScript1\MyMathScript1\Debug\link.1828.read.1.tlog
C:\Users\Дмитрий\Documents\Visual Studio 2012\Projects\MyMathScript1\MyMathScript1\Debug\link.1828.write.1.tlog
C:\Users\Дмитрий\Documents\Visual Studio 2012\Projects\MyMathScript1\MyMathScript1\Debug\link.2704-cvtres.read.1.tlog
C:\Users\Дмитрий\Documents\Visual Studio 2012\Projects\MyMathScript1\MyMathScript1\Debug\link.2704-cvtres.write.1.tlog
C:\Users\Дмитрий\Documents\Visual Studio 2012\Projects\MyMathScript1\MyMathScript1\Debug\link.2704-rc.read.1.tlog
C:\Users\Дмитрий\Documents\Visual Studio 2012\Projects\MyMathScript1\MyMathScript1\Debug\link.2704-rc.write.1.tlog
C:\Users\Дмитрий\Documents\Visual Studio 2012\Projects\MyMathScript1\MyMathScript1\Debug\link.2704.read.1.tlog
C:\Users\Дмитрий\Documents\Visual Studio 2012\Projects\MyMathScript1\MyMathScript1\Debug\link.2704.write.1.tlog
C:\Users\Дмитрий\Documents\Visual Studio 2012\Projects\MyMathScript1\MyMathScript1\Debug\link.3132-cvtres.read.1.tlog
C:\Users\Дмитрий\Documents\Visual Studio 2012\Projects\MyMathScript1\MyMathScript1\Debug\link.3132-cvtres.write.1.tlog
C:\Users\Дмитрий\Documents\Visual Studio 2012\Projects\MyMathScript1\MyMathScript1\Debug\link.3132-rc.read.1.tlog
C:\Users\Дмитрий\Documents\Visual Studio 2012\Projects\MyMathScript1\MyMathScript1\Debug\link.3132-rc.write.1.tlog
C:\Users\Дмитрий\Documents\Visual Studio 2012\Projects\MyMathScript1\MyMathScript1\Debug\link.3132.read.1.tlog
C:\Users\Дмитрий\Documents\Visual Studio 2012\Projects\MyMathScript1\MyMathScript1\Debug\link.3132.write.1.tlog
C:\Users\Дмитрий\Documents\Visual Studio 2012\Projects\MyMathScript1\MyMathScript1\Debug\link.3816-cvtres.read.1.tlog
C:\Users\Дмитрий\Documents\Visual Studio 2012\Projects\MyMathScript1\MyMathScript1\Debug\link.3816-cvtres.write.1.tlog
C:\Users\Дмитрий\Documents\Visual Studio 2012\Projects\MyMathScript1\MyMathScript1\Debug\link.3816-rc.read.1.tlog
C:\Users\Дмитрий\Documents\Visual Studio 2012\Projects\MyMathScript1\MyMathScript1\Debug\link.3816-rc.write.1.tlog
C:\Users\Дмитрий\Documents\Visual Studio 2012\Projects\MyMathScript1\MyMathScript1\Debug\link.3816.read.1.tlog
C:\Users\Дмитрий\Documents\Visual Studio 2012\Projects\MyMathScript1\MyMathScript1\Debug\link.3816.write.1.tlog
C:\Users\Дмитрий\Documents\Visual Studio 2012\Projects\MyMathScript1\MyMathScript1\Debug\link.3972-cvtres.read.1.tlog
C:\Users\Дмитрий\Documents\Visual Studio 2012\Projects\MyMathScript1\MyMathScript1\Debug\link.3972-cvtres.write.1.tlog
C:\Users\Дмитрий\Documents\Visual Studio 2012\Projects\MyMathScript1\MyMathScript1\Debug\link.3972-rc.read.1.tlog
C:\Users\Дмитрий\Documents\Visual Studio 2012\Projects\MyMathScript1\MyMathScript1\Debug\link.3972-rc.write.1.tlog
C:\Users\Дмитрий\Documents\Visual Studio 2012\Projects\MyMathScript1\MyMathScript1\Debug\link.3972.read.1.tlog
C:\Users\Дмитрий\Documents\Visual Studio 2012\Projects\MyMathScript1\MyMathScript1\Debug\link.3972.write.1.tlog
C:\Users\Дмитрий\Documents\Visual Studio 2012\Projects\MyMathScript1\MyMathScript1\Debug\link.4680-cvtres.read.1.tlog
C:\Users\Дмитрий\Documents\Visual Studio 2012\Projects\MyMathScript1\MyMathScript1\Debug\link.4680-cvtres.write.1.tlog
C:\Users\Дмитрий\Documents\Visual Studio 2012\Projects\MyMathScript1\MyMathScript1\Debug\link.4680-rc.read.1.tlog
C:\Users\Дмитрий\Documents\Visual Studio 2012\Projects\MyMathScript1\MyMathScript1\Debug\link.4680-rc.write.1.tlog
C:\Users\Дмитрий\Documents\Visual Studio 2012\Projects\MyMathScript1\MyMathScript1\Debug\link.4680.read.1.tlog
C:\Users\Дмитрий\Documents\Visual Studio 2012\Projects\MyMathScript1\MyMathScript1\Debug\link.4680.write.1.tlog
C:\Users\Дмитрий\Documents\Visual Studio 2012\Projects\MyMathScript1\MyMathScript1\Debug\link.4932-cvtres.read.1.tlog
C:\Users\Дмитрий\Documents\Visual Studio 2012\Projects\MyMathScript1\MyMathScript1\Debug\link.4932-cvtres.write.1.tlog
C:\Users\Дмитрий\Documents\Visual Studio 2012\Projects\MyMathScript1\MyMathScript1\Debug\link.4932-rc.read.1.tlog
C:\Users\Дмитрий\Documents\Visual Studio 2012\Projects\MyMathScript1\MyMathScript1\Debug\link.4932-rc.write.1.tlog
C:\Users\Дмитрий\Documents\Visual Studio 2012\Projects\MyMathScript1\MyMathScript1\Debug\link.4932.read.1.tlog
C:\Users\Дмитрий\Documents\Visual Studio 2012\Projects\MyMathScript1\MyMathScript1\Debug\link.4932.write.1.tlog
C:\Users\Дмитрий\Documents\Visual Studio 2012\Projects\MyMathScript1\MyMathScript1\Debug\link.4976-cvtres.read.1.tlog
C:\Users\Дмитрий\Documents\Visual Studio 2012\Projects\MyMathScript1\MyMathScript1\Debug\link.4976-cvtres.write.1.tlog
C:\Users\Дмитрий\Documents\Visual Studio 2012\Projects\MyMathScript1\MyMathScript1\Debug\link.4976-rc.read.1.tlog
C:\Users\Дмитрий\Documents\Visual Studio 2012\Projects\MyMathScript1\MyMathScript1\Debug\link.4976-rc.write.1.tlog
C:\Users\Дмитрий\Documents\Visual Studio 2012\Projects\MyMathScript1\MyMathScript1\Debug\link.4976.read.1.tlog
C:\Users\Дмитрий\Documents\Visual Studio 2012\Projects\MyMathScript1\MyMathScript1\Debug\link.4976.write.1.tlog
C:\Users\Дмитрий\Documents\Visual Studio 2012\Projects\MyMathScript1\MyMathScript1\Debug\link.5036-cvtres.read.1.tlog
C:\Users\Дмитрий\Documents\Visual Studio 2012\Projects\MyMathScript1\MyMathScript1\Debug\link.5036-cvtres.write.1.tlog
C:\Users\Дмитрий\Documents\Visual Studio 2012\Projects\MyMathScript1\MyMathScript1\Debug\link.5036-rc.read.1.tlog
C:\Users\Дмитрий\Documents\Visual Studio 2012\Projects\MyMathScript1\MyMathScript1\Debug\link.5036-rc.write.1.tlog
C:\Users\Дмитрий\Documents\Visual Studio 2012\Projects\MyMathScript1\MyMathScript1\Debug\link.5036.read.1.tlog
C:\Users\Дмитрий\Documents\Visual Studio 2012\Projects\MyMathScript1\MyMathScript1\Debug\link.5036.write.1.tlog
C:\Users\Дмитрий\Documents\Visual Studio 2012\Projects\MyMathScript1\MyMathScript1\Debug\link.5712-cvtres.read.1.tlog
C:\Users\Дмитрий\Documents\Visual Studio 2012\Projects\MyMathScript1\MyMathScript1\Debug\link.5712-cvtres.write.1.tlog
C:\Users\Дмитрий\Documents\Visual Studio 2012\Projects\MyMathScript1\MyMathScript1\Debug\link.5712-rc.read.1.tlog
C:\Users\Дмитрий\Documents\Visual Studio 2012\Projects\MyMathScript1\MyMathScript1\Debug\link.5712-rc.write.1.tlog
C:\Users\Дмитрий\Documents\Visual Studio 2012\Projects\MyMathScript1\MyMathScript1\Debug\link.5712.read.1.tlog
C:\Users\Дмитрий\Documents\Visual Studio 2012\Projects\MyMathScript1\MyMathScript1\Debug\link.5712.write.1.tlog
C:\Users\Дмитрий\Documents\Visual Studio 2012\Projects\MyMathScript1\MyMathScript1\Debug\link.5932-cvtres.read.1.tlog
C:\Users\Дмитрий\Documents\Visual Studio 2012\Projects\MyMathScript1\MyMathScript1\Debug\link.5932-cvtres.write.1.tlog
C:\Users\Дмитрий\Documents\Visual Studio 2012\Projects\MyMathScript1\MyMathScript1\Debug\link.5932-rc.read.1.tlog
C:\Users\Дмитрий\Documents\Visual Studio 2012\Projects\MyMathScript1\MyMathScript1\Debug\link.5932-rc.write.1.tlog
C:\Users\Дмитрий\Documents\Visual Studio 2012\Projects\MyMathScript1\MyMathScript1\Debug\link.5932.read.1.tlog
C:\Users\Дмитрий\Documents\Visual Studio 2012\Projects\MyMathScript1\MyMathScript1\Debug\link.5932.write.1.tlog
C:\Users\Дмитрий\Documents\Visual Studio 2012\Projects\MyMathScript1\MyMathScript1\Debug\link.5972-cvtres.read.1.tlog
C:\Users\Дмитрий\Documents\Visual Studio 2012\Projects\MyMathScript1\MyMathScript1\Debug\link.5972-cvtres.write.1.tlog
C:\Users\Дмитрий\Documents\Visual Studio 2012\Projects\MyMathScript1\MyMathScript1\Debug\link.5972-rc.read.1.tlog
C:\Users\Дмитрий\Documents\Visual Studio 2012\Projects\MyMathScript1\MyMathScript1\Debug\link.5972-rc.write.1.tlog
C:\Users\Дмитрий\Documents\Visual Studio 2012\Projects\MyMathScript1\MyMathScript1\Debug\link.5972.read.1.tlog
C:\Users\Дмитрий\Documents\Visual Studio 2012\Projects\MyMathScript1\MyMathScript1\Debug\link.5972.write.1.tlog
C:\Users\Дмитрий\Documents\Visual Studio 2012\Projects\MyMathScript1\MyMathScript1\Debug\link.64-cvtres.read.1.tlog
C:\Users\Дмитрий\Documents\Visual Studio 2012\Projects\MyMathScript1\MyMathScript1\Debug\link.64-cvtres.write.1.tlog
C:\Users\Дмитрий\Documents\Visual Studio 2012\Projects\MyMathScript1\MyMathScript1\Debug\link.64-rc.read.1.tlog
C:\Users\Дмитрий\Documents\Visual Studio 2012\Projects\MyMathScript1\MyMathScript1\Debug\link.64-rc.write.1.tlog
C:\Users\Дмитрий\Documents\Visual Studio 2012\Projects\MyMathScript1\MyMathScript1\Debug\link.64.read.1.tlog
C:\Users\Дмитрий\Documents\Visual Studio 2012\Projects\MyMathScript1\MyMathScript1\Debug\link.64.write.1.tlog
C:\Users\Дмитрий\Documents\Visual Studio 2012\Projects\MyMathScript1\MyMathScript1\Debug\link.6532-cvtres.read.1.tlog
C:\Users\Дмитрий\Documents\Visual Studio 2012\Projects\MyMathScript1\MyMathScript1\Debug\link.6532-cvtres.write.1.tlog
C:\Users\Дмитрий\Documents\Visual Studio 2012\Projects\MyMathScript1\MyMathScript1\Debug\link.6532-rc.read.1.tlog
C:\Users\Дмитрий\Documents\Visual Studio 2012\Projects\MyMathScript1\MyMathScript1\Debug\link.6532-rc.write.1.tlog
C:\Users\Дмитрий\Documents\Visual Studio 2012\Projects\MyMathScript1\MyMathScript1\Debug\link.6532.read.1.tlog
C:\Users\Дмитрий\Documents\Visual Studio 2012\Projects\MyMathScript1\MyMathScript1\Debug\link.6532.write.1.tlog
C:\Users\Дмитрий\Documents\Visual Studio 2012\Projects\MyMathScript1\MyMathScript1\Debug\link.6580-cvtres.read.1.tlog
C:\Users\Дмитрий\Documents\Visual Studio 2012\Projects\MyMathScript1\MyMathScript1\Debug\link.6580-cvtres.write.1.tlog
C:\Users\Дмитрий\Documents\Visual Studio 2012\Projects\MyMathScript1\MyMathScript1\Debug\link.6580-rc.read.1.tlog
C:\Users\Дмитрий\Documents\Visual Studio 2012\Projects\MyMathScript1\MyMathScript1\Debug\link.6580-rc.write.1.tlog
C:\Users\Дмитрий\Documents\Visual Studio 2012\Projects\MyMathScript1\MyMathScript1\Debug\link.6580.read.1.tlog
C:\Users\Дмитрий\Documents\Visual Studio 2012\Projects\MyMathScript1\MyMathScript1\Debug\link.6580.write.1.tlog
C:\Users\Дмитрий\Documents\Visual Studio 2012\Projects\MyMathScript1\MyMathScript1\Debug\link.6696-cvtres.read.1.tlog
C:\Users\Дмитрий\Documents\Visual Studio 2012\Projects\MyMathScript1\MyMathScript1\Debug\link.6696-cvtres.write.1.tlog
C:\Users\Дмитрий\Documents\Visual Studio 2012\Projects\MyMathScript1\MyMathScript1\Debug\link.6696-rc.read.1.tlog
C:\Users\Дмитрий\Documents\Visual Studio 2012\Projects\MyMathScript1\MyMathScript1\Debug\link.6696-rc.write.1.tlog
C:\Users\Дмитрий\Documents\Visual Studio 2012\Projects\MyMathScript1\MyMathScript1\Debug\link.6696.read.1.tlog
C:\Users\Дмитрий\Documents\Visual Studio 2012\Projects\MyMathScript1\MyMathScript1\Debug\link.6696.write.1.tlog
C:\Users\Дмитрий\Documents\Visual Studio 2012\Projects\MyMathScript1\MyMathScript1\Debug\link.7264-cvtres.read.1.tlog
C:\Users\Дмитрий\Documents\Visual Studio 2012\Projects\MyMathScript1\MyMathScript1\Debug\link.7264-cvtres.write.1.tlog
C:\Users\Дмитрий\Documents\Visual Studio 2012\Projects\MyMathScript1\MyMathScript1\Debug\link.7264-rc.read.1.tlog
C:\Users\Дмитрий\Documents\Visual Studio 2012\Projects\MyMathScript1\MyMathScript1\Debug\link.7264-rc.write.1.tlog
C:\Users\Дмитрий\Documents\Visual Studio 2012\Projects\MyMathScript1\MyMathScript1\Debug\link.7264.read.1.tlog
C:\Users\Дмитрий\Documents\Visual Studio 2012\Projects\MyMathScript1\MyMathScript1\Debug\link.7264.write.1.tlog
C:\Users\Дмитрий\Documents\Visual Studio 2012\Projects\MyMathScript1\MyMathScript1\Debug\link.7480-cvtres.read.1.tlog
C:\Users\Дмитрий\Documents\Visual Studio 2012\Projects\MyMathScript1\MyMathScript1\Debug\link.7480-cvtres.write.1.tlog
C:\Users\Дмитрий\Documents\Visual Studio 2012\Projects\MyMathScript1\MyMathScript1\Debug\link.7480-rc.read.1.tlog
C:\Users\Дмитрий\Documents\Visual Studio 2012\Projects\MyMathScript1\MyMathScript1\Debug\link.7480-rc.write.1.tlog
C:\Users\Дмитрий\Documents\Visual Studio 2012\Projects\MyMathScript1\MyMathScript1\Debug\link.7480.read.1.tlog
C:\Users\Дмитрий\Documents\Visual Studio 2012\Projects\MyMathScript1\MyMathScript1\Debug\link.7480.write.1.tlog
C:\Users\Дмитрий\Documents\Visual Studio 2012\Projects\MyMathScript1\MyMathScript1\Debug\link.7552-cvtres.read.1.tlog
C:\Users\Дмитрий\Documents\Visual Studio 2012\Projects\MyMathScript1\MyMathScript1\Debug\link.7552-cvtres.write.1.tlog
C:\Users\Дмитрий\Documents\Visual Studio 2012\Projects\MyMathScript1\MyMathScript1\Debug\link.7552-rc.read.1.tlog
C:\Users\Дмитрий\Documents\Visual Studio 2012\Projects\MyMathScript1\MyMathScript1\Debug\link.7552-rc.write.1.tlog
C:\Users\Дмитрий\Documents\Visual Studio 2012\Projects\MyMathScript1\MyMathScript1\Debug\link.7552.read.1.tlog
C:\Users\Дмитрий\Documents\Visual Studio 2012\Projects\MyMathScript1\MyMathScript1\Debug\link.7552.write.1.tlog
C:\Users\Дмитрий\Documents\Visual Studio 2012\Projects\MyMathScript1\MyMathScript1\Debug\link.7784-cvtres.read.1.tlog
C:\Users\Дмитрий\Documents\Visual Studio 2012\Projects\MyMathScript1\MyMathScript1\Debug\link.7784-cvtres.write.1.tlog
C:\Users\Дмитрий\Documents\Visual Studio 2012\Projects\MyMathScript1\MyMathScript1\Debug\link.7784-rc.read.1.tlog
C:\Users\Дмитрий\Documents\Visual Studio 2012\Projects\MyMathScript1\MyMathScript1\Debug\link.7784-rc.write.1.tlog
C:\Users\Дмитрий\Documents\Visual Studio 2012\Projects\MyMathScript1\MyMathScript1\Debug\link.7784.read.1.tlog
C:\Users\Дмитрий\Documents\Visual Studio 2012\Projects\MyMathScript1\MyMathScript1\Debug\link.7784.write.1.tlog
C:\Users\Дмитрий\Documents\Visual Studio 2012\Projects\MyMathScript1\MyMathScript1\Debug\link.8072-cvtres.read.1.tlog
C:\Users\Дмитрий\Documents\Visual Studio 2012\Projects\MyMathScript1\MyMathScript1\Debug\link.8072-cvtres.write.1.tlog
C:\Users\Дмитрий\Documents\Visual Studio 2012\Projects\MyMathScript1\MyMathScript1\Debug\link.8072-rc.read.1.tlog
C:\Users\Дмитрий\Documents\Visual Studio 2012\Projects\MyMathScript1\MyMathScript1\Debug\link.8072-rc.write.1.tlog
C:\Users\Дмитрий\Documents\Visual Studio 2012\Projects\MyMathScript1\MyMathScript1\Debug\link.8072.read.1.tlog
C:\Users\Дмитрий\Documents\Visual Studio 2012\Projects\MyMathScript1\MyMathScript1\Debug\link.8072.write.1.tlog
C:\Users\Дмитрий\Documents\Visual Studio 2012\Projects\MyMathScript1\MyMathScript1\Debug\link.8472-cvtres.read.1.tlog
C:\Users\Дмитрий\Documents\Visual Studio 2012\Projects\MyMathScript1\MyMathScript1\Debug\link.8472-cvtres.write.1.tlog
C:\Users\Дмитрий\Documents\Visual Studio 2012\Projects\MyMathScript1\MyMathScript1\Debug\link.8472-rc.read.1.tlog
C:\Users\Дмитрий\Documents\Visual Studio 2012\Projects\MyMathScript1\MyMathScript1\Debug\link.8472-rc.write.1.tlog
C:\Users\Дмитрий\Documents\Visual Studio 2012\Projects\MyMathScript1\MyMathScript1\Debug\link.8472.read.1.tlog
C:\Users\Дмитрий\Documents\Visual Studio 2012\Projects\MyMathScript1\MyMathScript1\Debug\link.8472.write.1.tlog
C:\Users\Дмитрий\Documents\Visual Studio 2012\Projects\MyMathScript1\MyMathScript1\Debug\link.8632-cvtres.read.1.tlog
C:\Users\Дмитрий\Documents\Visual Studio 2012\Projects\MyMathScript1\MyMathScript1\Debug\link.8632-cvtres.write.1.tlog
C:\Users\Дмитрий\Documents\Visual Studio 2012\Projects\MyMathScript1\MyMathScript1\Debug\link.8632-rc.read.1.tlog
C:\Users\Дмитрий\Documents\Visual Studio 2012\Projects\MyMathScript1\MyMathScript1\Debug\link.8632-rc.write.1.tlog
C:\Users\Дмитрий\Documents\Visual Studio 2012\Projects\MyMathScript1\MyMathScript1\Debug\link.8632.read.1.tlog
C:\Users\Дмитрий\Documents\Visual Studio 2012\Projects\MyMathScript1\MyMathScript1\Debug\link.8632.write.1.tlog
C:\Users\Дмитрий\Documents\Visual Studio 2012\Projects\MyMathScript1\MyMathScript1\Debug\link.8660-cvtres.read.1.tlog
C:\Users\Дмитрий\Documents\Visual Studio 2012\Projects\MyMathScript1\MyMathScript1\Debug\link.8660-cvtres.write.1.tlog
C:\Users\Дмитрий\Documents\Visual Studio 2012\Projects\MyMathScript1\MyMathScript1\Debug\link.8660-rc.read.1.tlog
C:\Users\Дмитрий\Documents\Visual Studio 2012\Projects\MyMathScript1\MyMathScript1\Debug\link.8660-rc.write.1.tlog
C:\Users\Дмитрий\Documents\Visual Studio 2012\Projects\MyMathScript1\MyMathScript1\Debug\link.8660.read.1.tlog
C:\Users\Дмитрий\Documents\Visual Studio 2012\Projects\MyMathScript1\MyMathScript1\Debug\link.8660.write.1.tlog
C:\Users\Дмитрий\Documents\Visual Studio 2012\Projects\MyMathScript1\MyMathScript1\Debug\link.8824-cvtres.read.1.tlog
C:\Users\Дмитрий\Documents\Visual Studio 2012\Projects\MyMathScript1\MyMathScript1\Debug\link.8824-cvtres.write.1.tlog
C:\Users\Дмитрий\Documents\Visual Studio 2012\Projects\MyMathScript1\MyMathScript1\Debug\link.8824-rc.read.1.tlog
C:\Users\Дмитрий\Documents\Visual Studio 2012\Projects\MyMathScript1\MyMathScript1\Debug\link.8824-rc.write.1.tlog
C:\Users\Дмитрий\Documents\Visual Studio 2012\Projects\MyMathScript1\MyMathScript1\Debug\link.8824.read.1.tlog
C:\Users\Дмитрий\Documents\Visual Studio 2012\Projects\MyMathScript1\MyMathScript1\Debug\link.8824.write.1.tlog
C:\Users\Дмитрий\Documents\Visual Studio 2012\Projects\MyMathScript1\MyMathScript1\Debug\link.8848-cvtres.read.1.tlog
C:\Users\Дмитрий\Documents\Visual Studio 2012\Projects\MyMathScript1\MyMathScript1\Debug\link.8848-cvtres.write.1.tlog
C:\Users\Дмитрий\Documents\Visual Studio 2012\Projects\MyMathScript1\MyMathScript1\Debug\link.8848-rc.read.1.tlog
C:\Users\Дмитрий\Documents\Visual Studio 2012\Projects\MyMathScript1\MyMathScript1\Debug\link.8848-rc.write.1.tlog
C:\Users\Дмитрий\Documents\Visual Studio 2012\Projects\MyMathScript1\MyMathScript1\Debug\link.8848.read.1.tlog
C:\Users\Дмитрий\Documents\Visual Studio 2012\Projects\MyMathScript1\MyMathScript1\Debug\link.8848.write.1.tlog
C:\Users\Дмитрий\Documents\Visual Studio 2012\Projects\MyMathScript1\MyMathScript1\Debug\link.8892-cvtres.read.1.tlog
C:\Users\Дмитрий\Documents\Visual Studio 2012\Projects\MyMathScript1\MyMathScript1\Debug\link.8892-cvtres.write.1.tlog
C:\Users\Дмитрий\Documents\Visual Studio 2012\Projects\MyMathScript1\MyMathScript1\Debug\link.8892-rc.read.1.tlog
C:\Users\Дмитрий\Documents\Visual Studio 2012\Projects\MyMathScript1\MyMathScript1\Debug\link.8892-rc.write.1.tlog
C:\Users\Дмитрий\Documents\Visual Studio 2012\Projects\MyMathScript1\MyMathScript1\Debug\link.8892.read.1.tlog
C:\Users\Дмитрий\Documents\Visual Studio 2012\Projects\MyMathScript1\MyMathScript1\Debug\link.8892.write.1.tlog
C:\Users\Дмитрий\Documents\Visual Studio 2012\Projects\MyMathScript1\MyMathScript1\Debug\link.8984-cvtres.read.1.tlog
C:\Users\Дмитрий\Documents\Visual Studio 2012\Projects\MyMathScript1\MyMathScript1\Debug\link.8984-cvtres.write.1.tlog
C:\Users\Дмитрий\Documents\Visual Studio 2012\Projects\MyMathScript1\MyMathScript1\Debug\link.8984-rc.read.1.tlog
C:\Users\Дмитрий\Documents\Visual Studio 2012\Projects\MyMathScript1\MyMathScript1\Debug\link.8984-rc.write.1.tlog
C:\Users\Дмитрий\Documents\Visual Studio 2012\Projects\MyMathScript1\MyMathScript1\Debug\link.8984.read.1.tlog
C:\Users\Дмитрий\Documents\Visual Studio 2012\Projects\MyMathScript1\MyMathScript1\Debug\link.8984.write.1.tlog
C:\Users\Дмитрий\Documents\Visual Studio 2012\Projects\MyMathScript1\MyMathScript1\Debug\link.9048-cvtres.read.1.tlog
C:\Users\Дмитрий\Documents\Visual Studio 2012\Projects\MyMathScript1\MyMathScript1\Debug\link.9048-cvtres.write.1.tlog
C:\Users\Дмитрий\Documents\Visual Studio 2012\Projects\MyMathScript1\MyMathScript1\Debug\link.9048-rc.read.1.tlog
C:\Users\Дмитрий\Documents\Visual Studio 2012\Projects\MyMathScript1\MyMathScript1\Debug\link.9048-rc.write.1.tlog
C:\Users\Дмитрий\Documents\Visual Studio 2012\Projects\MyMathScript1\MyMathScript1\Debug\link.9048.read.1.tlog
C:\Users\Дмитрий\Documents\Visual Studio 2012\Projects\MyMathScript1\MyMathScript1\Debug\link.9048.write.1.tlog
C:\Users\Дмитрий\Documents\Visual Studio 2012\Projects\MyMathScript1\MyMathScript1\Debug\link.9184-cvtres.read.1.tlog
C:\Users\Дмитрий\Documents\Visual Studio 2012\Projects\MyMathScript1\MyMathScript1\Debug\link.9184-cvtres.write.1.tlog
C:\Users\Дмитрий\Documents\Visual Studio 2012\Projects\MyMathScript1\MyMathScript1\Debug\link.9184-rc.read.1.tlog
C:\Users\Дмитрий\Documents\Visual Studio 2012\Projects\MyMathScript1\MyMathScript1\Debug\link.9184-rc.write.1.tlog
C:\Users\Дмитрий\Documents\Visual Studio 2012\Projects\MyMathScript1\MyMathScript1\Debug\link.9184.read.1.tlog
C:\Users\Дмитрий\Documents\Visual Studio 2012\Projects\MyMathScript1\MyMathScript1\Debug\link.9184.write.1.tlog
C:\Users\Дмитрий\Documents\Visual Studio 2012\Projects\MyMathScript1\MyMathScript1\Debug\link.9320-cvtres.read.1.tlog
C:\Users\Дмитрий\Documents\Visual Studio 2012\Projects\MyMathScript1\MyMathScript1\Debug\link.9320-cvtres.write.1.tlog
C:\Users\Дмитрий\Documents\Visual Studio 2012\Projects\MyMathScript1\MyMathScript1\Debug\link.9320-rc.read.1.tlog
C:\Users\Дмитрий\Documents\Visual Studio 2012\Projects\MyMathScript1\MyMathScript1\Debug\link.9320-rc.write.1.tlog
C:\Users\Дмитрий\Documents\Visual Studio 2012\Projects\MyMathScript1\MyMathScript1\Debug\link.9320.read.1.tlog
C:\Users\Дмитрий\Documents\Visual Studio 2012\Projects\MyMathScript1\MyMathScript1\Debug\link.9320.write.1.tlog
C:\Users\Дмитрий\Documents\Visual Studio 2012\Projects\MyMathScript1\MyMathScript1\Debug\link.9328-cvtres.read.1.tlog
C:\Users\Дмитрий\Documents\Visual Studio 2012\Projects\MyMathScript1\MyMathScript1\Debug\link.9328-cvtres.write.1.tlog
C:\Users\Дмитрий\Documents\Visual Studio 2012\Projects\MyMathScript1\MyMathScript1\Debug\link.9328-rc.read.1.tlog
C:\Users\Дмитрий\Documents\Visual Studio 2012\Projects\MyMathScript1\MyMathScript1\Debug\link.9328-rc.write.1.tlog
C:\Users\Дмитрий\Documents\Visual Studio 2012\Projects\MyMathScript1\MyMathScript1\Debug\link.9328.read.1.tlog
C:\Users\Дмитрий\Documents\Visual Studio 2012\Projects\MyMathScript1\MyMathScript1\Debug\link.9328.write.1.tlog
C:\Users\Дмитрий\Documents\Visual Studio 2012\Projects\MyMathScript1\MyMathScript1\Debug\link.9368-cvtres.read.1.tlog
C:\Users\Дмитрий\Documents\Visual Studio 2012\Projects\MyMathScript1\MyMathScript1\Debug\link.9368-cvtres.write.1.tlog
C:\Users\Дмитрий\Documents\Visual Studio 2012\Projects\MyMathScript1\MyMathScript1\Debug\link.9368-rc.read.1.tlog
C:\Users\Дмитрий\Documents\Visual Studio 2012\Projects\MyMathScript1\MyMathScript1\Debug\link.9368-rc.write.1.tlog
C:\Users\Дмитрий\Documents\Visual Studio 2012\Projects\MyMathScript1\MyMathScript1\Debug\link.9368.read.1.tlog
C:\Users\Дмитрий\Documents\Visual Studio 2012\Projects\MyMathScript1\MyMathScript1\Debug\link.9368.write.1.tlog
C:\Users\Дмитрий\Documents\Visual Studio 2012\Projects\MyMathScript1\MyMathScript1\Debug\link.9444-cvtres.read.1.tlog
C:\Users\Дмитрий\Documents\Visual Studio 2012\Projects\MyMathScript1\MyMathScript1\Debug\link.9444-cvtres.write.1.tlog
C:\Users\Дмитрий\Documents\Visual Studio 2012\Projects\MyMathScript1\MyMathScript1\Debug\link.9444-rc.read.1.tlog
C:\Users\Дмитрий\Documents\Visual Studio 2012\Projects\MyMathScript1\MyMathScript1\Debug\link.9444-rc.write.1.tlog
C:\Users\Дмитрий\Documents\Visual Studio 2012\Projects\MyMathScript1\MyMathScript1\Debug\link.9444.read.1.tlog
C:\Users\Дмитрий\Documents\Visual Studio 2012\Projects\MyMathScript1\MyMathScript1\Debug\link.9444.write.1.tlog
C:\Users\Дмитрий\Documents\Visual Studio 2012\Projects\MyMathScript1\MyMathScript1\Debug\link.9496-cvtres.read.1.tlog
C:\Users\Дмитрий\Documents\Visual Studio 2012\Projects\MyMathScript1\MyMathScript1\Debug\link.9496-cvtres.write.1.tlog
C:\Users\Дмитрий\Documents\Visual Studio 2012\Projects\MyMathScript1\MyMathScript1\Debug\link.9496-rc.read.1.tlog
C:\Users\Дмитрий\Documents\Visual Studio 2012\Projects\MyMathScript1\MyMathScript1\Debug\link.9496-rc.write.1.tlog
C:\Users\Дмитрий\Documents\Visual Studio 2012\Projects\MyMathScript1\MyMathScript1\Debug\link.9496.read.1.tlog
C:\Users\Дмитрий\Documents\Visual Studio 2012\Projects\MyMathScript1\MyMathScript1\Debug\link.9496.write.1.tlog
C:\Users\Дмитрий\Documents\Visual Studio 2012\Projects\MyMathScript1\MyMathScript1\Debug\link.9612-cvtres.read.1.tlog
C:\Users\Дмитрий\Documents\Visual Studio 2012\Projects\MyMathScript1\MyMathScript1\Debug\link.9612-cvtres.write.1.tlog
C:\Users\Дмитрий\Documents\Visual Studio 2012\Projects\MyMathScript1\MyMathScript1\Debug\link.9612-rc.read.1.tlog
C:\Users\Дмитрий\Documents\Visual Studio 2012\Projects\MyMathScript1\MyMathScript1\Debug\link.9612-rc.write.1.tlog
C:\Users\Дмитрий\Documents\Visual Studio 2012\Projects\MyMathScript1\MyMathScript1\Debug\link.9612.read.1.tlog
C:\Users\Дмитрий\Documents\Visual Studio 2012\Projects\MyMathScript1\MyMathScript1\Debug\link.9612.write.1.tlog
C:\Users\Дмитрий\Documents\Visual Studio 2012\Projects\MyMathScript1\MyMathScript1\Debug\link.9708-cvtres.read.1.tlog
C:\Users\Дмитрий\Documents\Visual Studio 2012\Projects\MyMathScript1\MyMathScript1\Debug\link.9708-cvtres.write.1.tlog
C:\Users\Дмитрий\Documents\Visual Studio 2012\Projects\MyMathScript1\MyMathScript1\Debug\link.9708-rc.read.1.tlog
C:\Users\Дмитрий\Documents\Visual Studio 2012\Projects\MyMathScript1\MyMathScript1\Debug\link.9708-rc.write.1.tlog
C:\Users\Дмитрий\Documents\Visual Studio 2012\Projects\MyMathScript1\MyMathScript1\Debug\link.9708.read.1.tlog
C:\Users\Дмитрий\Documents\Visual Studio 2012\Projects\MyMathScript1\MyMathScript1\Debug\link.9708.write.1.tlog
C:\Users\Дмитрий\Documents\Visual Studio 2012\Projects\MyMathScript1\MyMathScript1\Debug\link.9752-cvtres.read.1.tlog
C:\Users\Дмитрий\Documents\Visual Studio 2012\Projects\MyMathScript1\MyMathScript1\Debug\link.9752-cvtres.write.1.tlog
C:\Users\Дмитрий\Documents\Visual Studio 2012\Projects\MyMathScript1\MyMathScript1\Debug\link.9752-rc.read.1.tlog
C:\Users\Дмитрий\Documents\Visual Studio 2012\Projects\MyMathScript1\MyMathScript1\Debug\link.9752-rc.write.1.tlog
C:\Users\Дмитрий\Documents\Visual Studio 2012\Projects\MyMathScript1\MyMathScript1\Debug\link.9752.read.1.tlog
C:\Users\Дмитрий\Documents\Visual Studio 2012\Projects\MyMathScript1\MyMathScript1\Debug\link.9752.write.1.tlog
C:\Users\Дмитрий\Documents\Visual Studio 2012\Projects\MyMathScript1\MyMathScript1\Debug\link.command.1.tlog
C:\Users\Дмитрий\Documents\Visual Studio 2012\Projects\MyMathScript1\MyMathScript1\Debug\link.read.1.tlog
C:\Users\Дмитрий\Documents\Visual Studio 2012\Projects\MyMathScript1\MyMathScript1\Debug\link.write.1.tlog
C:\Users\Дмитрий\Documents\Visual Studio 2012\Projects\MyMathScript1\MyMathScript1\Debug\vc110.idb
C:\Users\Дмитрий\Documents\Visual Studio 2012\Projects\MyMathScript1\MyMathScript1\Debug\vc110.pdb
C:\Users\Дмитрий\Documents\Visual Studio 2012\Projects\MyMathScript1\Debug\MyMathScript1.pdb
