C:\USERS\Дмитрий\DOCUMENTS\VISUAL STUDIO 2012\PROJECTS\MYMATHSCRIPT1\MYMATHSCRIPT1\DEBUG\MAINMYMATHSCRIPT1.OBJ
C:\USERS\Дмитрий\DOCUMENTS\VISUAL STUDIO 2012\PROJECTS\MYMATHSCRIPT1\MYMATHSCRIPT1\DEBUG\MYMATHSCRIPT1.OBJ
C:\USERS\ДМИТРИЙ\DOCUMENTS\VISUAL STUDIO 2012\PROJECTS\MYMATHSCRIPT1\MYMATHSCRIPT1\DEBUG\VC110.PDB
C:\USERS\Дмитрий\DOCUMENTS\VISUAL STUDIO 2012\PROJECTS\MYMATHSCRIPT1\DEBUG\MYMATHSCRIPT1.ILK
C:\USERS\Дмитрий\DOCUMENTS\VISUAL STUDIO 2012\PROJECTS\MYMATHSCRIPT1\DEBUG\MYMATHSCRIPT1.EXE
C:\USERS\ДМИТРИЙ\DOCUMENTS\VISUAL STUDIO 2012\PROJECTS\MYMATHSCRIPT1\DEBUG\MYMATHSCRIPT1.PDB
C:\Users\Дмитрий\Documents\Visual Studio 2012\Projects\MyMathScript1\MyMathScript1\Debug\MyMathScript1.obj
C:\Users\Дмитрий\Documents\Visual Studio 2012\Projects\MyMathScript1\MyMathScript1\Debug\cl.command.1.tlog
C:\Users\Дмитрий\Documents\Visual Studio 2012\Projects\MyMathScript1\MyMathScript1\Debug\CL.read.1.tlog
C:\Users\Дмитрий\Documents\Visual Studio 2012\Projects\MyMathScript1\MyMathScript1\Debug\CL.write.1.tlog
C:\Users\Дмитрий\Documents\Visual Studio 2012\Projects\MyMathScript1\MyMathScript1\Debug\link-cvtres.read.1.tlog
C:\Users\Дмитрий\Documents\Visual Studio 2012\Projects\MyMathScript1\MyMathScript1\Debug\link-cvtres.write.1.tlog
C:\Users\Дмитрий\Documents\Visual Studio 2012\Projects\MyMathScript1\MyMathScript1\Debug\link-rc.read.1.tlog
C:\Users\Дмитрий\Documents\Visual Studio 2012\Projects\MyMathScript1\MyMathScript1\Debug\link-rc.write.1.tlog
C:\Users\Дмитрий\Documents\Visual Studio 2012\Projects\MyMathScript1\MyMathScript1\Debug\link.5044-cvtres.read.1.tlog
C:\Users\Дмитрий\Documents\Visual Studio 2012\Projects\MyMathScript1\MyMathScript1\Debug\link.5044-cvtres.write.1.tlog
C:\Users\Дмитрий\Documents\Visual Studio 2012\Projects\MyMathScript1\MyMathScript1\Debug\link.5044-rc.read.1.tlog
C:\Users\Дмитрий\Documents\Visual Studio 2012\Projects\MyMathScript1\MyMathScript1\Debug\link.5044-rc.write.1.tlog
C:\Users\Дмитрий\Documents\Visual Studio 2012\Projects\MyMathScript1\MyMathScript1\Debug\link.5044.read.1.tlog
C:\Users\Дмитрий\Documents\Visual Studio 2012\Projects\MyMathScript1\MyMathScript1\Debug\link.5044.write.1.tlog
C:\Users\Дмитрий\Documents\Visual Studio 2012\Projects\MyMathScript1\MyMathScript1\Debug\link.command.1.tlog
C:\Users\Дмитрий\Documents\Visual Studio 2012\Projects\MyMathScript1\MyMathScript1\Debug\link.read.1.tlog
C:\Users\Дмитрий\Documents\Visual Studio 2012\Projects\MyMathScript1\MyMathScript1\Debug\link.write.1.tlog
C:\Users\Дмитрий\Documents\Visual Studio 2012\Projects\MyMathScript1\MyMathScript1\Debug\vc110.idb
C:\Users\Дмитрий\Documents\Visual Studio 2012\Projects\MyMathScript1\MyMathScript1\Debug\vc110.pdb
C:\Users\Дмитрий\Documents\Visual Studio 2012\Projects\MyMathScript1\Debug\MyMathScript1.pdb
C:\Users\Дмитрий\Documents\Visual Studio 2012\Projects\MyMathScript1\Debug\MyMathScript1.exe
C:\Users\Дмитрий\Documents\Visual Studio 2012\Projects\MyMathScript1\Debug\MyMathScript1.ilk
